#
# There is insufficient memory for the Java Runtime Environment to continue.
# Native memory allocation (mmap) failed to map 264241152 bytes for Failed to commit area from 0x0000000704200000 to 0x0000000713e00000 of length 264241152.
# Possible reasons:
#   The system is out of physical RAM or swap space
#   The process is running with CompressedOops enabled, and the Java Heap may be blocking the growth of the native heap
# Possible solutions:
#   Reduce memory load on the system
#   Increase physical memory or swap space
#   Check if swap backing store is full
#   Decrease Java heap size (-Xmx/-Xms)
#   Decrease number of Java threads
#   Decrease Java thread stack sizes (-Xss)
#   Set larger code cache with -XX:ReservedCodeCacheSize=
# This output file may be truncated or incomplete.
#
#  Out of Memory Error (./src/hotspot/os/windows/os_windows.cpp:3301), pid=19648, tid=20124
#
# JRE version:  (11.0.10+9) (build )
# Java VM: OpenJDK 64-Bit Server VM (11.0.10+9, mixed mode, sharing, tiered, compressed oops, g1 gc, windows-amd64)
# No core dump will be written. Minidumps are not enabled by default on client versions of Windows
#

---------------  S U M M A R Y ------------

Command Line: -javaagent:C:\Program Files\JetBrains\IntelliJ IDEA Community Edition 2020.3.2\lib\idea_rt.jar=61993:C:\Program Files\JetBrains\IntelliJ IDEA Community Edition 2020.3.2\bin -Dfile.encoding=UTF-8 com.techelevator.tenmo.App

Host: 11th Gen Intel(R) Core(TM) i7-1185G7 @ 3.00GHz, 8 cores, 15G,  Windows 10 , 64 bit Build 19041 (10.0.19041.1202)
Time: Thu Nov  4 17:03:14 2021 Eastern Daylight Time elapsed time: 0.015117 seconds (0d 0h 0m 0s)

---------------  T H R E A D  ---------------

Current thread (0x000001d9f64f2000):  JavaThread "Unknown thread" [_thread_in_vm, id=20124, stack(0x0000001699100000,0x0000001699200000)]

Stack: [0x0000001699100000,0x0000001699200000]
Native frames: (J=compiled Java code, j=interpreted, Vv=VM code, C=native code)
V  [jvm.dll+0x5f35ea]
V  [jvm.dll+0x77c65e]
V  [jvm.dll+0x77dd2f]
V  [jvm.dll+0x77e3f3]
V  [jvm.dll+0x246c38]
V  [jvm.dll+0x5f079a]
V  [jvm.dll+0x5e53c5]
V  [jvm.dll+0x2fba4c]
V  [jvm.dll+0x2fb8d2]
V  [jvm.dll+0x300586]
V  [jvm.dll+0x344cff]
V  [jvm.dll+0x344730]
V  [jvm.dll+0x2d8cb8]
V  [jvm.dll+0x2d9e06]
V  [jvm.dll+0x757c77]
V  [jvm.dll+0x7593ff]
V  [jvm.dll+0x351a59]
V  [jvm.dll+0x73aea0]
V  [jvm.dll+0x3b929f]
V  [jvm.dll+0x3bb7a1]
C  [jli.dll+0x520b]
C  [ucrtbase.dll+0x21bb2]
C  [KERNEL32.DLL+0x17034]
C  [ntdll.dll+0x52651]


---------------  P R O C E S S  ---------------

Threads class SMR info:
_java_thread_list=0x000001d9f43e7380, length=0, elements={
}

Java Threads: ( => current thread )

Other Threads:
  0x000001d9f6508800 GCTaskThread "GC Thread#0" [stack: 0x0000001699200000,0x0000001699300000] [id=19620]
  0x000001d9f6566000 ConcurrentGCThread "G1 Main Marker" [stack: 0x0000001699300000,0x0000001699400000] [id=18780]
  0x000001d9f6567800 ConcurrentGCThread "G1 Conc#0" [stack: 0x0000001699400000,0x0000001699500000] [id=18808]

[error occurred during error reporting (printing all threads), id 0xc0000005, EXCEPTION_ACCESS_VIOLATION (0xc0000005) at pc=0x00007ffee59d8337]

VM state:not at safepoint (not fully initialized)

VM Mutex/Monitor currently owned by a thread:  ([mutex/lock_event])
[0x000001d9f64eee70] Heap_lock - owner thread: 0x000001d9f64f2000

Heap address: 0x0000000704200000, size: 4030 MB, Compressed Oops mode: Non-zero based: 0x0000000704200000
Narrow klass base: 0x0000000000000000, Narrow klass shift: 0

GC Heap History (0 events):
No events

Deoptimization events (0 events):
No events

Classes redefined (0 events):
No events

Internal exceptions (0 events):
No events

Events (1 events):
Event: 0.011 Loaded shared library C:\Program Files\OpenJDK\jdk-11.0.10+9\bin\zip.dll


Dynamic libraries:
0x00007ff68d9a0000 - 0x00007ff68d9ad000 	C:\Program Files\OpenJDK\jdk-11.0.10+9\bin\java.exe
0x00007fff3ced0000 - 0x00007fff3d0c5000 	C:\WINDOWS\SYSTEM32\ntdll.dll
0x00007fff3c540000 - 0x00007fff3c5fe000 	C:\WINDOWS\System32\KERNEL32.DLL
0x00007fff3aa40000 - 0x00007fff3ad09000 	C:\WINDOWS\System32\KERNELBASE.dll
0x00007fff3a5f0000 - 0x00007fff3a6f0000 	C:\WINDOWS\System32\ucrtbase.dll
0x00007fff33c60000 - 0x00007fff33c77000 	C:\Program Files\OpenJDK\jdk-11.0.10+9\bin\jli.dll
0x00007fff3ba40000 - 0x00007fff3bbe1000 	C:\WINDOWS\System32\USER32.dll
0x00007fff3adb0000 - 0x00007fff3add2000 	C:\WINDOWS\System32\win32u.dll
0x00007fff3afc0000 - 0x00007fff3afeb000 	C:\WINDOWS\System32\GDI32.dll
0x00007fff3a900000 - 0x00007fff3aa0b000 	C:\WINDOWS\System32\gdi32full.dll
0x00007fff3ad10000 - 0x00007fff3adad000 	C:\WINDOWS\System32\msvcp_win.dll
0x00007fff337a0000 - 0x00007fff337b5000 	C:\Program Files\OpenJDK\jdk-11.0.10+9\bin\VCRUNTIME140.dll
0x00007fff0bf10000 - 0x00007fff0c1aa000 	C:\WINDOWS\WinSxS\amd64_microsoft.windows.common-controls_6595b64144ccf1df_6.0.19041.1110_none_60b5254171f9507e\COMCTL32.dll
0x00007fff3bc50000 - 0x00007fff3bcee000 	C:\WINDOWS\System32\msvcrt.dll
0x00007fff3bc20000 - 0x00007fff3bc50000 	C:\WINDOWS\System32\IMM32.DLL
0x00007fff19090000 - 0x00007fff1912b000 	C:\Program Files\OpenJDK\jdk-11.0.10+9\bin\msvcp140.dll
0x00007ffee56f0000 - 0x00007ffee6233000 	C:\Program Files\OpenJDK\jdk-11.0.10+9\bin\server\jvm.dll
0x00007fff3b990000 - 0x00007fff3ba3c000 	C:\WINDOWS\System32\ADVAPI32.dll
0x00007fff3af20000 - 0x00007fff3afbb000 	C:\WINDOWS\System32\sechost.dll
0x00007fff3cc90000 - 0x00007fff3cdba000 	C:\WINDOWS\System32\RPCRT4.dll
0x00007fff3bc00000 - 0x00007fff3bc08000 	C:\WINDOWS\System32\PSAPI.DLL
0x00007fff1e060000 - 0x00007fff1e069000 	C:\WINDOWS\SYSTEM32\WSOCK32.dll
0x00007fff2fa50000 - 0x00007fff2fa5a000 	C:\WINDOWS\SYSTEM32\VERSION.dll
0x00007fff1f740000 - 0x00007fff1f767000 	C:\WINDOWS\SYSTEM32\WINMM.dll
0x00007fff3b8c0000 - 0x00007fff3b92b000 	C:\WINDOWS\System32\WS2_32.dll
0x00007fff384d0000 - 0x00007fff384e2000 	C:\WINDOWS\SYSTEM32\kernel.appcore.dll
0x00007fff341a0000 - 0x00007fff341b0000 	C:\Program Files\OpenJDK\jdk-11.0.10+9\bin\verify.dll
0x00007fff2dd00000 - 0x00007fff2dee4000 	C:\WINDOWS\SYSTEM32\DBGHELP.DLL
0x00007fff16be0000 - 0x00007fff16c0c000 	C:\WINDOWS\SYSTEM32\dbgcore.DLL
0x00007fff3ae30000 - 0x00007fff3aeb3000 	C:\WINDOWS\System32\bcryptPrimitives.dll
0x00007fff33730000 - 0x00007fff33758000 	C:\Program Files\OpenJDK\jdk-11.0.10+9\bin\java.dll
0x00007fff33c50000 - 0x00007fff33c5a000 	C:\Program Files\OpenJDK\jdk-11.0.10+9\bin\jimage.dll
0x00007fff337d0000 - 0x00007fff337de000 	C:\Program Files\OpenJDK\jdk-11.0.10+9\bin\instrument.dll
0x00007fff2def0000 - 0x00007fff2df07000 	C:\Program Files\OpenJDK\jdk-11.0.10+9\bin\zip.dll

dbghelp: loaded successfully - version: 4.0.5 - missing functions: none
symbol engine: initialized successfully - sym options: 0x614 - pdb path: .;C:\Program Files\OpenJDK\jdk-11.0.10+9\bin;C:\WINDOWS\SYSTEM32;C:\WINDOWS\WinSxS\amd64_microsoft.windows.common-controls_6595b64144ccf1df_6.0.19041.1110_none_60b5254171f9507e;C:\Program Files\OpenJDK\jdk-11.0.10+9\bin\server

VM Arguments:
jvm_args: -javaagent:C:\Program Files\JetBrains\IntelliJ IDEA Community Edition 2020.3.2\lib\idea_rt.jar=61993:C:\Program Files\JetBrains\IntelliJ IDEA Community Edition 2020.3.2\bin -Dfile.encoding=UTF-8 
java_command: com.techelevator.tenmo.App
java_class_path (initial): C:\Users\Student\source\repos\pairs\team0-java-green-week08-pairs\m2-api-capstone\tenmo-client\target\classes;C:\Users\Student\.m2\repository\org\springframework\spring-core\5.2.6.RELEASE\spring-core-5.2.6.RELEASE.jar;C:\Users\Student\.m2\repository\org\springframework\spring-jcl\5.2.6.RELEASE\spring-jcl-5.2.6.RELEASE.jar;C:\Users\Student\.m2\repository\org\springframework\spring-web\5.2.6.RELEASE\spring-web-5.2.6.RELEASE.jar;C:\Users\Student\.m2\repository\org\springframework\spring-beans\5.2.6.RELEASE\spring-beans-5.2.6.RELEASE.jar;C:\Users\Student\.m2\repository\com\fasterxml\jackson\core\jackson-core\2.10.3\jackson-core-2.10.3.jar;C:\Users\Student\.m2\repository\com\fasterxml\jackson\core\jackson-databind\2.10.3\jackson-databind-2.10.3.jar;C:\Users\Student\.m2\repository\com\fasterxml\jackson\core\jackson-annotations\2.10.3\jackson-annotations-2.10.3.jar;C:\Users\Student\.m2\repository\org\bouncycastle\bcprov-jdk16\1.46\bcprov-jdk16-1.46.jar;C:\Users\Student\.m2\repository\org\seleniumhq\selenium\selenium-java\3.141.59\selenium-java-3.141.59.jar;C:\Users\Student\.m2\repository\org\seleniumhq\selenium\selenium-api\3.141.59\selenium-api-3.141.59.jar;C:\Users\Student\.m2\repository\org\seleniumhq\selenium\selenium-edge-driver\3.141.59\selenium-edge-driver-3.141.59.jar;C:\Users\Student\.m2\repository\org\seleniumhq\selenium\selenium-firefox-driver\3.141.59\selenium-firefox-driver-3.141.59.jar;C:\Users\Student\.m2\repository\org\seleniumhq\selenium\selenium-ie-driver\3.141.59\selenium-ie-driver-3.141.59.jar;C:\Users\Student\.m2\repository\org\seleniumhq\selenium\selenium-opera-driver\3.141.59\selenium-opera-driver-3.141.59.jar;C:\Users\Student\.m2\repository\org\seleniumhq\selenium\selenium-remote-driver\3.141.59\selenium-remote-driver-3.141.59.jar;C:\Users\Student\.m2\repository\org\seleniumhq\selenium\selenium-safari-driver\3.141.59\selenium-safari-driver-3.141.59.jar;C:\Users\Student\.m2\repository\org\seleniumhq\selenium\selenium-supp
Launcher Type: SUN_STANDARD

[Global flags]
     intx CICompilerCount                          = 4                                         {product} {ergonomic}
     uint ConcGCThreads                            = 2                                         {product} {ergonomic}
     uint G1ConcRefinementThreads                  = 8                                         {product} {ergonomic}
   size_t G1HeapRegionSize                         = 1048576                                   {product} {ergonomic}
    uintx GCDrainStackTargetSize                   = 64                                        {product} {ergonomic}
   size_t InitialHeapSize                          = 264241152                                 {product} {ergonomic}
   size_t MarkStackSize                            = 4194304                                   {product} {ergonomic}
   size_t MaxHeapSize                              = 4225761280                                {product} {ergonomic}
   size_t MinHeapDeltaBytes                        = 1048576                                   {product} {ergonomic}
    uintx NonNMethodCodeHeapSize                   = 5836300                                {pd product} {ergonomic}
    uintx NonProfiledCodeHeapSize                  = 122910970                              {pd product} {ergonomic}
    uintx ProfiledCodeHeapSize                     = 122910970                              {pd product} {ergonomic}
    uintx ReservedCodeCacheSize                    = 251658240                              {pd product} {ergonomic}
     bool SegmentedCodeCache                       = true                                      {product} {ergonomic}
     bool UseCompressedClassPointers               = true                                 {lp64_product} {ergonomic}
     bool UseCompressedOops                        = true                                 {lp64_product} {ergonomic}
     bool UseG1GC                                  = true                                      {product} {ergonomic}
     bool UseLargePagesIndividualAllocation        = false                                  {pd product} {ergonomic}

Logging:
Log output configuration:
 #0: stdout all=warning uptime,level,tags
 #1: stderr all=off uptime,level,tags

Environment Variables:
JAVA_HOME=C:\Program Files\OpenJDK\jdk-11.0.10+9
PATH=C:\WINDOWS\system32;C:\WINDOWS;C:\WINDOWS\System32\Wbem;C:\WINDOWS\System32\WindowsPowerShell\v1.0\;C:\WINDOWS\System32\OpenSSH\;C:\ProgramData\chocolatey\bin;C:\Program Files\Git\cmd;C:\Program Files\dotnet\;C:\Program Files\Microsoft SQL Server\130\Tools\Binn\;C:\Program Files\Microsoft SQL Server\Client SDK\ODBC\170\Tools\Binn\;C:\Program Files (x86)\Microsoft SQL Server\150\Tools\Binn\;C:\Program Files\Microsoft SQL Server\150\Tools\Binn\;C:\Program Files\Microsoft SQL Server\150\DTS\Binn\;C:\Program Files (x86)\Microsoft SQL Server\150\DTS\Binn\;C:\Program Files\Azure Data Studio\bin;C:\Program Files\OpenJDK\jdk-11.0.10+9\bin;C:\Program Files\PostgreSQL\12\bin;C:\Program Files\Maven\apache-maven-3.6.3\bin;C:\Program Files\ChromeDriver;C:\Program Files\Node\node-v14.15.5-win-x64;;C:\Program Files\Microsoft VS Code\bin;C:\Users\Student\AppData\Local\Microsoft\WindowsApps;C:\Users\Student\.dotnet\tools;C:\Program Files\Azure Data Studio\bin
USERNAME=Student
OS=Windows_NT
PROCESSOR_IDENTIFIER=Intel64 Family 6 Model 140 Stepping 1, GenuineIntel



---------------  S Y S T E M  ---------------

OS: Windows 10 , 64 bit Build 19041 (10.0.19041.1202)
OS uptime: 1 days 23:43 hours

CPU:total 8 (initial active 8) (4 cores per cpu, 2 threads per core) family 6 model 140 stepping 1 microcode 0x86, cmov, cx8, fxsr, mmx, sse, sse2, sse3, ssse3, sse4.1, sse4.2, popcnt, avx, avx2, aes, clmul, erms, 3dnowpref, lzcnt, ht, tsc, tscinvbit, bmi1, bmi2, adx, evex, sha, fma

Memory: 4k page, system-wide physical 16113M (5633M free)
TotalPageFile size 19194M (AvailPageFile size 188M)
current process WorkingSet (physical memory assigned to process): 10M, peak: 10M
current process commit charge ("private bytes"): 60M, peak: 312M

vm_info: OpenJDK 64-Bit Server VM (11.0.10+9) for windows-amd64 JRE (11.0.10+9), built on Jan 20 2021 06:07:07 by "" with MS VC++ 15.9 (VS2017)

END.
